src/oschmid/incremental_reader.cljc:13:71: warning: #'oschmid.incremental-reader.db/map-queue is referred but never used
src/oschmid/incremental_reader.cljc:13:81: warning: #'oschmid.incremental-reader.db/topic is referred but never used
src/oschmid/incremental_reader.cljc:13:87: warning: #'oschmid.incremental-reader.db/queue is referred but never used
src/oschmid/incremental_reader.cljc:46:35: warning: Unresolved namespace html. Are you missing a require?
src/oschmid/incremental_reader.cljc:52:50: error: Unresolved symbol: java
src/oschmid/incremental_reader.cljc:53:47: warning: Unresolved namespace java.util.UUID. Are you missing a require?
src/oschmid/incremental_reader.cljc:54:24: warning: Unresolved namespace d. Are you missing a require?
src/oschmid/incremental_reader.cljc:59:43: error: Unresolved symbol: e#
src/oschmid/incremental_reader/topic.cljc:20:58: warning: #'oschmid.incremental-reader.db/map-queue is referred but never used
src/oschmid/incremental_reader/topic.cljc:20:68: warning: #'oschmid.incremental-reader.db/topic is referred but never used
src/oschmid/incremental_reader/topic.cljc:21:14: warning: namespace oschmid.incremental-reader.queue-bytes is required but never used
src/oschmid/incremental_reader/topic.cljc:106:33: warning: unused binding s
src/oschmid/incremental_reader/topic.cljc:161:40: warning: Unresolved namespace d. Are you missing a require?
src/oschmid/incremental_reader/topic.cljc:164:20: error: Unresolved symbol: topic-reader-wrapper
src/user.clj:8:15: warning: unused binding args
src/user.clj:12:3: warning: inline def
src/user.clj:21:4: warning: Unresolved namespace hyperfiddle.rcf. Are you missing a require?
src/user.clj:22:4: warning: Unresolved namespace shadow.cljs.devtools.api. Are you missing a require?
test/oschmid/incremental_reader/queue_bytes_test.clj:47:10: error: Unresolved symbol: uuid-bytes-conversion
test/oschmid/incremental_reader_test.cljc:12:13: warning: Unresolved namespace java.util.UUID. Are you missing a require?
test/oschmid/incremental_reader_test.cljc:21:16: error: Unresolved symbol: byte-array
test/oschmid/incremental_reader_test.cljc:45:16: error: Unresolved symbol: Exception
